<?xml version="1.0" encoding="UTF-8"?>
<!-- Generated by org.testng.reporters.JUnitReportReporter -->
<testsuite hostname="RAJ-PC" failures="0" tests="1" name="com.tradeviv.testCases.TC_Vendor_CompanyRegistration_002" time="74.167" errors="0" timestamp="27 Apr 2021 03:27:55 GMT" skipped="0">
  <testcase classname="com.tradeviv.testCases.TC_Vendor_CompanyRegistration_002" name="companyReg" time="74.167"/>
</testsuite> <!-- com.tradeviv.testCases.TC_Vendor_CompanyRegistration_002 -->
