<?xml version="1.0" encoding="UTF-8"?>
<!-- Generated by org.testng.reporters.JUnitReportReporter -->
<testsuite hostname="RAJ-PC" failures="0" tests="3" name="com.tradeviv.testCases.TC_SubCategoryDDT_001" time="47.934" errors="0" timestamp="30 Apr 2021 03:55:38 GMT" skipped="0">
  <testcase classname="com.tradeviv.testCases.TC_SubCategoryDDT_001" name="addSubCategory" time="15.103"/>
  <testcase classname="com.tradeviv.testCases.TC_SubCategoryDDT_001" name="addSubCategory" time="17.641"/>
  <testcase classname="com.tradeviv.testCases.TC_SubCategoryDDT_001" name="addSubCategory" time="15.190"/>
</testsuite> <!-- com.tradeviv.testCases.TC_SubCategoryDDT_001 -->
