<?xml version="1.0" encoding="UTF-8"?>
<!-- Generated by org.testng.reporters.JUnitReportReporter -->
<testsuite hostname="RAJ-PC" failures="0" tests="1" name="com.tradeviv.testCases.TC_SubCategory_003" time="28.122" errors="0" timestamp="30 Apr 2021 02:46:50 GMT" skipped="0">
  <testcase classname="com.tradeviv.testCases.TC_SubCategory_003" name="addSubCategory" time="28.122"/>
</testsuite> <!-- com.tradeviv.testCases.TC_SubCategory_003 -->
