<?xml version="1.0" encoding="UTF-8"?>
<!-- Generated by org.testng.reporters.JUnitReportReporter -->
<testsuite hostname="RAJ-PC" failures="0" tests="100" name="com.tradeviv.testCases.TC_VedorAddProduct_002" time="3618.597" errors="2" timestamp="01 May 2021 10:47:30 GMT" skipped="0">
  <testcase classname="com.tradeviv.testCases.TC_VedorAddProduct_002" name="addNewproduct" time="29.412"/>
  <testcase classname="com.tradeviv.testCases.TC_VedorAddProduct_002" name="addNewproduct" time="29.157"/>
  <testcase classname="com.tradeviv.testCases.TC_VedorAddProduct_002" name="addNewproduct" time="28.281"/>
  <testcase classname="com.tradeviv.testCases.TC_VedorAddProduct_002" name="addNewproduct" time="36.965"/>
  <testcase classname="com.tradeviv.testCases.TC_VedorAddProduct_002" name="addNewproduct" time="30.431"/>
  <testcase classname="com.tradeviv.testCases.TC_VedorAddProduct_002" name="addNewproduct" time="87.150"/>
  <testcase classname="com.tradeviv.testCases.TC_VedorAddProduct_002" name="addNewproduct" time="34.425"/>
  <testcase classname="com.tradeviv.testCases.TC_VedorAddProduct_002" name="addNewproduct" time="29.911"/>
  <testcase classname="com.tradeviv.testCases.TC_VedorAddProduct_002" name="addNewproduct" time="32.231"/>
  <testcase classname="com.tradeviv.testCases.TC_VedorAddProduct_002" name="addNewproduct" time="30.600"/>
  <testcase classname="com.tradeviv.testCases.TC_VedorAddProduct_002" name="addNewproduct" time="27.937"/>
  <testcase classname="com.tradeviv.testCases.TC_VedorAddProduct_002" name="addNewproduct" time="30.614"/>
  <testcase classname="com.tradeviv.testCases.TC_VedorAddProduct_002" name="addNewproduct" time="27.847"/>
  <testcase classname="com.tradeviv.testCases.TC_VedorAddProduct_002" name="addNewproduct" time="31.276"/>
  <testcase classname="com.tradeviv.testCases.TC_VedorAddProduct_002" name="addNewproduct" time="30.755"/>
  <testcase classname="com.tradeviv.testCases.TC_VedorAddProduct_002" name="addNewproduct" time="27.575"/>
  <testcase classname="com.tradeviv.testCases.TC_VedorAddProduct_002" name="addNewproduct" time="33.429"/>
  <testcase classname="com.tradeviv.testCases.TC_VedorAddProduct_002" name="addNewproduct" time="36.792"/>
  <testcase classname="com.tradeviv.testCases.TC_VedorAddProduct_002" name="addNewproduct" time="30.029"/>
  <testcase classname="com.tradeviv.testCases.TC_VedorAddProduct_002" name="addNewproduct" time="29.950"/>
  <testcase classname="com.tradeviv.testCases.TC_VedorAddProduct_002" name="addNewproduct" time="28.736"/>
  <testcase classname="com.tradeviv.testCases.TC_VedorAddProduct_002" name="addNewproduct" time="28.563"/>
  <testcase classname="com.tradeviv.testCases.TC_VedorAddProduct_002" name="addNewproduct" time="34.677"/>
  <testcase classname="com.tradeviv.testCases.TC_VedorAddProduct_002" name="addNewproduct" time="28.399"/>
  <testcase classname="com.tradeviv.testCases.TC_VedorAddProduct_002" name="addNewproduct" time="31.131"/>
  <testcase classname="com.tradeviv.testCases.TC_VedorAddProduct_002" name="addNewproduct" time="50.158"/>
  <testcase classname="com.tradeviv.testCases.TC_VedorAddProduct_002" name="addNewproduct" time="29.346"/>
  <testcase classname="com.tradeviv.testCases.TC_VedorAddProduct_002" name="addNewproduct" time="28.453"/>
  <testcase classname="com.tradeviv.testCases.TC_VedorAddProduct_002" name="addNewproduct" time="30.093"/>
  <testcase classname="com.tradeviv.testCases.TC_VedorAddProduct_002" name="addNewproduct" time="30.036"/>
  <testcase classname="com.tradeviv.testCases.TC_VedorAddProduct_002" name="addNewproduct" time="58.133"/>
  <testcase classname="com.tradeviv.testCases.TC_VedorAddProduct_002" name="addNewproduct" time="33.141"/>
  <testcase classname="com.tradeviv.testCases.TC_VedorAddProduct_002" name="addNewproduct" time="28.155"/>
  <testcase classname="com.tradeviv.testCases.TC_VedorAddProduct_002" name="addNewproduct" time="29.532"/>
  <testcase classname="com.tradeviv.testCases.TC_VedorAddProduct_002" name="addNewproduct" time="28.302"/>
  <testcase classname="com.tradeviv.testCases.TC_VedorAddProduct_002" name="addNewproduct" time="39.573"/>
  <testcase classname="com.tradeviv.testCases.TC_VedorAddProduct_002" name="addNewproduct" time="29.213"/>
  <testcase classname="com.tradeviv.testCases.TC_VedorAddProduct_002" name="addNewproduct" time="32.134"/>
  <testcase classname="com.tradeviv.testCases.TC_VedorAddProduct_002" name="addNewproduct" time="28.810"/>
  <testcase classname="com.tradeviv.testCases.TC_VedorAddProduct_002" name="addNewproduct" time="28.001"/>
  <testcase classname="com.tradeviv.testCases.TC_VedorAddProduct_002" name="addNewproduct" time="33.144"/>
  <testcase classname="com.tradeviv.testCases.TC_VedorAddProduct_002" name="addNewproduct" time="29.633"/>
  <testcase classname="com.tradeviv.testCases.TC_VedorAddProduct_002" name="addNewproduct" time="40.307"/>
  <testcase classname="com.tradeviv.testCases.TC_VedorAddProduct_002" name="addNewproduct" time="32.113"/>
  <testcase classname="com.tradeviv.testCases.TC_VedorAddProduct_002" name="addNewproduct" time="30.253"/>
  <testcase classname="com.tradeviv.testCases.TC_VedorAddProduct_002" name="addNewproduct" time="30.221"/>
  <testcase classname="com.tradeviv.testCases.TC_VedorAddProduct_002" name="addNewproduct" time="27.657"/>
  <testcase classname="com.tradeviv.testCases.TC_VedorAddProduct_002" name="addNewproduct" time="30.766"/>
  <testcase classname="com.tradeviv.testCases.TC_VedorAddProduct_002" name="addNewproduct" time="29.311"/>
  <testcase classname="com.tradeviv.testCases.TC_VedorAddProduct_002" name="addNewproduct" time="28.584"/>
  <testcase classname="com.tradeviv.testCases.TC_VedorAddProduct_002" name="addNewproduct" time="31.823"/>
  <testcase classname="com.tradeviv.testCases.TC_VedorAddProduct_002" name="addNewproduct" time="27.460"/>
  <testcase classname="com.tradeviv.testCases.TC_VedorAddProduct_002" name="addNewproduct" time="29.019"/>
  <testcase classname="com.tradeviv.testCases.TC_VedorAddProduct_002" name="addNewproduct" time="35.999"/>
  <testcase classname="com.tradeviv.testCases.TC_VedorAddProduct_002" name="addNewproduct" time="29.362"/>
  <testcase classname="com.tradeviv.testCases.TC_VedorAddProduct_002" name="addNewproduct" time="30.853"/>
  <testcase classname="com.tradeviv.testCases.TC_VedorAddProduct_002" name="addNewproduct" time="34.524"/>
  <testcase classname="com.tradeviv.testCases.TC_VedorAddProduct_002" name="addNewproduct" time="85.275">
    <error type="junit.framework.AssertionFailedError">
      <![CDATA[junit.framework.AssertionFailedError
at junit.framework.Assert.fail(Assert.java:47)
at junit.framework.Assert.assertTrue(Assert.java:20)
at junit.framework.Assert.assertTrue(Assert.java:27)
at com.tradeviv.testCases.TC_VedorAddProduct_002.addNewproduct(TC_VedorAddProduct_002.java:71)
at jdk.internal.reflect.GeneratedMethodAccessor16.invoke(Unknown Source)
at java.base/jdk.internal.reflect.DelegatingMethodAccessorImpl.invoke(DelegatingMethodAccessorImpl.java:43)
at java.base/java.lang.reflect.Method.invoke(Method.java:564)
at org.testng.internal.MethodInvocationHelper.invokeMethod(MethodInvocationHelper.java:124)
at org.testng.internal.Invoker.invokeMethod(Invoker.java:583)
at org.testng.internal.Invoker.invokeTestMethod(Invoker.java:719)
at org.testng.internal.Invoker.invokeTestMethods(Invoker.java:989)
at org.testng.internal.TestMethodWorker.invokeTestMethods(TestMethodWorker.java:125)
at org.testng.internal.TestMethodWorker.run(TestMethodWorker.java:109)
at org.testng.TestRunner.privateRun(TestRunner.java:648)
at org.testng.TestRunner.run(TestRunner.java:505)
at org.testng.SuiteRunner.runTest(SuiteRunner.java:455)
at org.testng.SuiteRunner.runSequentially(SuiteRunner.java:450)
at org.testng.SuiteRunner.privateRun(SuiteRunner.java:415)
at org.testng.SuiteRunner.run(SuiteRunner.java:364)
at org.testng.SuiteRunnerWorker.runSuite(SuiteRunnerWorker.java:52)
at org.testng.SuiteRunnerWorker.run(SuiteRunnerWorker.java:84)
at org.testng.TestNG.runSuitesSequentially(TestNG.java:1208)
at org.testng.TestNG.runSuitesLocally(TestNG.java:1137)
at org.testng.TestNG.runSuites(TestNG.java:1049)
at org.testng.TestNG.run(TestNG.java:1017)
at org.testng.remote.AbstractRemoteTestNG.run(AbstractRemoteTestNG.java:115)
at org.testng.remote.RemoteTestNG.initAndRun(RemoteTestNG.java:251)
at org.testng.remote.RemoteTestNG.main(RemoteTestNG.java:77)
]]>
    </error>
  </testcase> <!-- addNewproduct -->
  <testcase classname="com.tradeviv.testCases.TC_VedorAddProduct_002" name="addNewproduct" time="52.802"/>
  <testcase classname="com.tradeviv.testCases.TC_VedorAddProduct_002" name="addNewproduct" time="31.110"/>
  <testcase classname="com.tradeviv.testCases.TC_VedorAddProduct_002" name="addNewproduct" time="30.931"/>
  <testcase classname="com.tradeviv.testCases.TC_VedorAddProduct_002" name="addNewproduct" time="30.955"/>
  <testcase classname="com.tradeviv.testCases.TC_VedorAddProduct_002" name="addNewproduct" time="32.534"/>
  <testcase classname="com.tradeviv.testCases.TC_VedorAddProduct_002" name="addNewproduct" time="28.998"/>
  <testcase classname="com.tradeviv.testCases.TC_VedorAddProduct_002" name="addNewproduct" time="28.369"/>
  <testcase classname="com.tradeviv.testCases.TC_VedorAddProduct_002" name="addNewproduct" time="30.129"/>
  <testcase classname="com.tradeviv.testCases.TC_VedorAddProduct_002" name="addNewproduct" time="28.024"/>
  <testcase classname="com.tradeviv.testCases.TC_VedorAddProduct_002" name="addNewproduct" time="29.725"/>
  <testcase classname="com.tradeviv.testCases.TC_VedorAddProduct_002" name="addNewproduct" time="28.834"/>
  <testcase classname="com.tradeviv.testCases.TC_VedorAddProduct_002" name="addNewproduct" time="27.971"/>
  <testcase classname="com.tradeviv.testCases.TC_VedorAddProduct_002" name="addNewproduct" time="33.308"/>
  <testcase classname="com.tradeviv.testCases.TC_VedorAddProduct_002" name="addNewproduct" time="29.177"/>
  <testcase classname="com.tradeviv.testCases.TC_VedorAddProduct_002" name="addNewproduct" time="28.832"/>
  <testcase classname="com.tradeviv.testCases.TC_VedorAddProduct_002" name="addNewproduct" time="28.811"/>
  <testcase classname="com.tradeviv.testCases.TC_VedorAddProduct_002" name="addNewproduct" time="28.859"/>
  <testcase classname="com.tradeviv.testCases.TC_VedorAddProduct_002" name="addNewproduct" time="43.698"/>
  <testcase classname="com.tradeviv.testCases.TC_VedorAddProduct_002" name="addNewproduct" time="32.401"/>
  <testcase classname="com.tradeviv.testCases.TC_VedorAddProduct_002" name="addNewproduct" time="29.148"/>
  <testcase classname="com.tradeviv.testCases.TC_VedorAddProduct_002" name="addNewproduct" time="29.775"/>
  <testcase classname="com.tradeviv.testCases.TC_VedorAddProduct_002" name="addNewproduct" time="45.715"/>
  <testcase classname="com.tradeviv.testCases.TC_VedorAddProduct_002" name="addNewproduct" time="148.942">
    <error type="junit.framework.AssertionFailedError">
      <![CDATA[junit.framework.AssertionFailedError
at junit.framework.Assert.fail(Assert.java:47)
at junit.framework.Assert.assertTrue(Assert.java:20)
at junit.framework.Assert.assertTrue(Assert.java:27)
at com.tradeviv.testCases.TC_VedorAddProduct_002.addNewproduct(TC_VedorAddProduct_002.java:71)
at jdk.internal.reflect.GeneratedMethodAccessor16.invoke(Unknown Source)
at java.base/jdk.internal.reflect.DelegatingMethodAccessorImpl.invoke(DelegatingMethodAccessorImpl.java:43)
at java.base/java.lang.reflect.Method.invoke(Method.java:564)
at org.testng.internal.MethodInvocationHelper.invokeMethod(MethodInvocationHelper.java:124)
at org.testng.internal.Invoker.invokeMethod(Invoker.java:583)
at org.testng.internal.Invoker.invokeTestMethod(Invoker.java:719)
at org.testng.internal.Invoker.invokeTestMethods(Invoker.java:989)
at org.testng.internal.TestMethodWorker.invokeTestMethods(TestMethodWorker.java:125)
at org.testng.internal.TestMethodWorker.run(TestMethodWorker.java:109)
at org.testng.TestRunner.privateRun(TestRunner.java:648)
at org.testng.TestRunner.run(TestRunner.java:505)
at org.testng.SuiteRunner.runTest(SuiteRunner.java:455)
at org.testng.SuiteRunner.runSequentially(SuiteRunner.java:450)
at org.testng.SuiteRunner.privateRun(SuiteRunner.java:415)
at org.testng.SuiteRunner.run(SuiteRunner.java:364)
at org.testng.SuiteRunnerWorker.runSuite(SuiteRunnerWorker.java:52)
at org.testng.SuiteRunnerWorker.run(SuiteRunnerWorker.java:84)
at org.testng.TestNG.runSuitesSequentially(TestNG.java:1208)
at org.testng.TestNG.runSuitesLocally(TestNG.java:1137)
at org.testng.TestNG.runSuites(TestNG.java:1049)
at org.testng.TestNG.run(TestNG.java:1017)
at org.testng.remote.AbstractRemoteTestNG.run(AbstractRemoteTestNG.java:115)
at org.testng.remote.RemoteTestNG.initAndRun(RemoteTestNG.java:251)
at org.testng.remote.RemoteTestNG.main(RemoteTestNG.java:77)
]]>
    </error>
  </testcase> <!-- addNewproduct -->
  <testcase classname="com.tradeviv.testCases.TC_VedorAddProduct_002" name="addNewproduct" time="49.968"/>
  <testcase classname="com.tradeviv.testCases.TC_VedorAddProduct_002" name="addNewproduct" time="29.538"/>
  <testcase classname="com.tradeviv.testCases.TC_VedorAddProduct_002" name="addNewproduct" time="30.213"/>
  <testcase classname="com.tradeviv.testCases.TC_VedorAddProduct_002" name="addNewproduct" time="104.616"/>
  <testcase classname="com.tradeviv.testCases.TC_VedorAddProduct_002" name="addNewproduct" time="27.600"/>
  <testcase classname="com.tradeviv.testCases.TC_VedorAddProduct_002" name="addNewproduct" time="31.610"/>
  <testcase classname="com.tradeviv.testCases.TC_VedorAddProduct_002" name="addNewproduct" time="32.170"/>
  <testcase classname="com.tradeviv.testCases.TC_VedorAddProduct_002" name="addNewproduct" time="33.368"/>
  <testcase classname="com.tradeviv.testCases.TC_VedorAddProduct_002" name="addNewproduct" time="115.672"/>
  <testcase classname="com.tradeviv.testCases.TC_VedorAddProduct_002" name="addNewproduct" time="38.557"/>
  <testcase classname="com.tradeviv.testCases.TC_VedorAddProduct_002" name="addNewproduct" time="28.228"/>
  <testcase classname="com.tradeviv.testCases.TC_VedorAddProduct_002" name="addNewproduct" time="40.286"/>
  <testcase classname="com.tradeviv.testCases.TC_VedorAddProduct_002" name="addNewproduct" time="28.250"/>
  <testcase classname="com.tradeviv.testCases.TC_VedorAddProduct_002" name="addNewproduct" time="31.215"/>
  <testcase classname="com.tradeviv.testCases.TC_VedorAddProduct_002" name="addNewproduct" time="30.654"/>
  <testcase classname="com.tradeviv.testCases.TC_VedorAddProduct_002" name="addNewproduct" time="29.606"/>
  <testcase classname="com.tradeviv.testCases.TC_VedorAddProduct_002" name="addNewproduct" time="37.685"/>
  <testcase classname="com.tradeviv.testCases.TC_VedorAddProduct_002" name="addNewproduct" time="29.615"/>
  <testcase classname="com.tradeviv.testCases.TC_VedorAddProduct_002" name="addNewproduct" time="65.041"/>
</testsuite> <!-- com.tradeviv.testCases.TC_VedorAddProduct_002 -->
