<?xml version="1.0" encoding="UTF-8"?>
<!-- Generated by org.testng.reporters.JUnitReportReporter -->
<testsuite hostname="RAJ-PC" failures="0" tests="2" name="com.tradeviv.testCases.DemoDDT" time="0.027" errors="0" timestamp="27 Apr 2021 14:05:52 GMT" skipped="0">
  <testcase classname="com.tradeviv.testCases.DemoDDT" name="testMethod" time="0.026"/>
  <testcase classname="com.tradeviv.testCases.DemoDDT" name="testMethod" time="0.001"/>
</testsuite> <!-- com.tradeviv.testCases.DemoDDT -->
