<?xml version="1.0" encoding="UTF-8"?>
<!-- Generated by org.testng.reporters.JUnitReportReporter -->
<testsuite skipped="0" hostname="RAJ-PC" name="com.tradeviv.testCases.TC_MainCategory_004" tests="1" failures="0" timestamp="04 Sep 2021 02:23:45 GMT" time="16.532" errors="0">
  <testcase name="addMainCategory" time="16.532" classname="com.tradeviv.testCases.TC_MainCategory_004"/>
</testsuite> <!-- com.tradeviv.testCases.TC_MainCategory_004 -->
