<?xml version="1.0" encoding="UTF-8"?>
<!-- Generated by org.testng.reporters.JUnitReportReporter -->
<testsuite skipped="0" hostname="RAJ-PC" name="com.tradeviv.testCases.TC_AdminLoginDDT_002" tests="4" failures="0" timestamp="04 Sep 2021 02:23:45 GMT" time="28.930" errors="0">
  <testcase name="adminLoginDDT" time="7.246" classname="com.tradeviv.testCases.TC_AdminLoginDDT_002"/>
  <testcase name="adminLoginDDT" time="7.861" classname="com.tradeviv.testCases.TC_AdminLoginDDT_002"/>
  <testcase name="adminLoginDDT" time="6.866" classname="com.tradeviv.testCases.TC_AdminLoginDDT_002"/>
  <testcase name="adminLoginDDT" time="6.957" classname="com.tradeviv.testCases.TC_AdminLoginDDT_002"/>
</testsuite> <!-- com.tradeviv.testCases.TC_AdminLoginDDT_002 -->
