<?xml version="1.0" encoding="UTF-8"?>
<!-- Generated by org.testng.reporters.JUnitReportReporter -->
<testsuite hostname="RAJ-PC" failures="0" tests="3" name="com.tradeviv.testCases.TC_Vendor_RegistrationDDT_001" time="56.691" errors="0" timestamp="29 Apr 2021 19:07:45 GMT" skipped="0">
  <testcase classname="com.tradeviv.testCases.TC_Vendor_RegistrationDDT_001" name="vendorReg" time="18.944"/>
  <testcase classname="com.tradeviv.testCases.TC_Vendor_RegistrationDDT_001" name="vendorReg" time="19.843"/>
  <testcase classname="com.tradeviv.testCases.TC_Vendor_RegistrationDDT_001" name="vendorReg" time="17.904"/>
</testsuite> <!-- com.tradeviv.testCases.TC_Vendor_RegistrationDDT_001 -->
