<?xml version="1.0" encoding="UTF-8"?>
<!-- Generated by org.testng.reporters.JUnitReportReporter -->
<testsuite skipped="0" hostname="RAJ-PC" name="com.tradeviv.testCases.TC_AdminLoginTest_001" tests="1" failures="0" timestamp="04 Sep 2021 02:23:45 GMT" time="17.677" errors="0">
  <testcase name="adminLoginTest" time="17.677" classname="com.tradeviv.testCases.TC_AdminLoginTest_001"/>
</testsuite> <!-- com.tradeviv.testCases.TC_AdminLoginTest_001 -->
