<?xml version="1.0" encoding="UTF-8"?>
<!-- Generated by org.testng.reporters.JUnitReportReporter -->
<testsuite hostname="RAJ-PC" failures="0" tests="1" name="com.tradeviv.testCases.TC_ChildCategory_005" time="22.494" errors="0" timestamp="25 Apr 2021 15:26:29 GMT" skipped="0">
  <testcase classname="com.tradeviv.testCases.TC_ChildCategory_005" name="addChildCategory" time="22.494"/>
</testsuite> <!-- com.tradeviv.testCases.TC_ChildCategory_005 -->
